0 info it worked if it ends with ok
1 verbose cli [ 'node',
1 verbose cli   '/usr/local/bin/npm',
1 verbose cli   'install',
1 verbose cli   '-g',
1 verbose cli   'generator-aspnet' ]
2 info using npm@2.11.3
3 info using node@v0.12.7
4 verbose install initial load of /usr/local/lib/package.json
5 verbose readDependencies loading dependencies from /usr/local/lib/package.json
6 silly cache add args [ 'generator-aspnet', null ]
7 verbose cache add spec generator-aspnet
8 silly cache add parsed spec { raw: 'generator-aspnet',
8 silly cache add   scope: null,
8 silly cache add   name: 'generator-aspnet',
8 silly cache add   rawSpec: '',
8 silly cache add   spec: '*',
8 silly cache add   type: 'range' }
9 silly addNamed generator-aspnet@*
10 verbose addNamed "*" is a valid semver range for generator-aspnet
11 silly addNameRange { name: 'generator-aspnet', range: '*', hasData: false }
12 silly mapToRegistry name generator-aspnet
13 silly mapToRegistry using default registry
14 silly mapToRegistry registry https://registry.npmjs.org/
15 silly mapToRegistry uri https://registry.npmjs.org/generator-aspnet
16 verbose addNameRange registry:https://registry.npmjs.org/generator-aspnet not in flight; fetching
17 verbose request uri https://registry.npmjs.org/generator-aspnet
18 verbose request no auth needed
19 info attempt registry request try #1 at 9:21:11 PM
20 verbose request id 1c55e92edc292b0b
21 verbose etag "6D7BVLMKMI1U5R1JFMWV3O2WM"
22 http request GET https://registry.npmjs.org/generator-aspnet
23 http 200 https://registry.npmjs.org/generator-aspnet
24 silly get cb [ 200,
24 silly get   { server: 'CouchDB/1.5.0 (Erlang OTP/R16B03)',
24 silly get     etag: '"1NOV5EYL5UM6SG5W80VI9Q6E3"',
24 silly get     'content-type': 'application/json',
24 silly get     'cache-control': 'max-age=60',
24 silly get     'content-length': '75865',
24 silly get     'accept-ranges': 'bytes',
24 silly get     date: 'Thu, 01 Oct 2015 00:21:12 GMT',
24 silly get     via: '1.1 varnish',
24 silly get     age: '0',
24 silly get     connection: 'keep-alive',
24 silly get     'x-served-by': 'cache-atl6229-ATL',
24 silly get     'x-cache': 'MISS',
24 silly get     'x-cache-hits': '0',
24 silly get     'x-timer': 'S1443658872.565058,VS0,VE96',
24 silly get     vary: 'Accept' } ]
25 verbose get saving generator-aspnet to /Users/GiselleTavares/.npm/registry.npmjs.org/generator-aspnet/.cache.json
26 silly addNameRange number 2 { name: 'generator-aspnet', range: '*', hasData: true }
27 silly addNameRange versions [ 'generator-aspnet',
27 silly addNameRange   [ '0.0.0',
27 silly addNameRange     '0.0.1',
27 silly addNameRange     '0.0.2',
27 silly addNameRange     '0.0.4',
27 silly addNameRange     '0.0.5',
27 silly addNameRange     '0.0.6',
27 silly addNameRange     '0.0.7',
27 silly addNameRange     '0.0.8',
27 silly addNameRange     '0.0.9',
27 silly addNameRange     '0.0.10',
27 silly addNameRange     '0.0.11',
27 silly addNameRange     '0.0.12',
27 silly addNameRange     '0.0.13',
27 silly addNameRange     '0.0.14',
27 silly addNameRange     '0.0.18',
27 silly addNameRange     '0.0.19',
27 silly addNameRange     '0.0.20',
27 silly addNameRange     '0.0.21',
27 silly addNameRange     '0.0.22',
27 silly addNameRange     '0.0.23',
27 silly addNameRange     '0.0.24',
27 silly addNameRange     '0.0.25',
27 silly addNameRange     '0.0.26',
27 silly addNameRange     '0.0.27',
27 silly addNameRange     '0.0.28',
27 silly addNameRange     '0.0.29',
27 silly addNameRange     '0.0.30',
27 silly addNameRange     '0.0.31',
27 silly addNameRange     '0.0.32',
27 silly addNameRange     '0.0.33',
27 silly addNameRange     '0.0.34',
27 silly addNameRange     '0.0.35',
27 silly addNameRange     '0.0.36',
27 silly addNameRange     '0.0.50',
27 silly addNameRange     '0.0.60',
27 silly addNameRange     '0.0.71',
27 silly addNameRange     '0.0.72',
27 silly addNameRange     '0.0.73',
27 silly addNameRange     '0.0.74',
27 silly addNameRange     '0.0.75' ] ]
28 silly addNamed generator-aspnet@0.0.75
29 verbose addNamed "0.0.75" is a plain semver version for generator-aspnet
30 silly mapToRegistry name generator-aspnet
31 silly mapToRegistry using default registry
32 silly mapToRegistry registry https://registry.npmjs.org/
33 silly mapToRegistry uri https://registry.npmjs.org/generator-aspnet
34 verbose addRemoteTarball https://registry.npmjs.org/generator-aspnet/-/generator-aspnet-0.0.75.tgz not in flight; adding
35 verbose addRemoteTarball [ 'https://registry.npmjs.org/generator-aspnet/-/generator-aspnet-0.0.75.tgz',
35 verbose addRemoteTarball   '1037671ee42fc2fe998141bfbf213be41bcf2667' ]
36 info retry fetch attempt 1 at 9:21:12 PM
37 info attempt registry request try #1 at 9:21:12 PM
38 http fetch GET https://registry.npmjs.org/generator-aspnet/-/generator-aspnet-0.0.75.tgz
39 http fetch 200 https://registry.npmjs.org/generator-aspnet/-/generator-aspnet-0.0.75.tgz
40 silly fetchAndShaCheck shasum 1037671ee42fc2fe998141bfbf213be41bcf2667
41 verbose addTmpTarball /var/folders/45/xsb31b0s55569jtz67zqrdw80000gn/T/npm-4346-d35f6d88/registry.npmjs.org/generator-aspnet/-/generator-aspnet-0.0.75.tgz not in flight; adding
42 verbose addTmpTarball already have metadata; skipping unpack for generator-aspnet@0.0.75
43 silly cache afterAdd generator-aspnet@0.0.75
44 verbose afterAdd /Users/GiselleTavares/.npm/generator-aspnet/0.0.75/package/package.json not in flight; writing
45 verbose afterAdd /Users/GiselleTavares/.npm/generator-aspnet/0.0.75/package/package.json written
46 silly install resolved [ { name: 'generator-aspnet',
46 silly install resolved     version: '0.0.75',
46 silly install resolved     description: 'Yeoman generator for ASP.NET 5 apps',
46 silly install resolved     license: 'Apache-2.0',
46 silly install resolved     main: 'app/index.js',
46 silly install resolved     repository:
46 silly install resolved      { type: 'git',
46 silly install resolved        url: 'git+https://github.com/omnisharp/generator-aspnet.git' },
46 silly install resolved     contributors: [ [Object], [Object], [Object], [Object], [Object], [Object] ],
46 silly install resolved     engines: { node: '>=0.10.0' },
46 silly install resolved     keywords:
46 silly install resolved      [ 'yeoman-generator',
46 silly install resolved        'ASP.NET',
46 silly install resolved        'aspnet',
46 silly install resolved        'ASP',
46 silly install resolved        'net',
46 silly install resolved        'vNext',
46 silly install resolved        'dnx' ],
46 silly install resolved     dependencies:
46 silly install resolved      { chai: '^1.10.0',
46 silly install resolved        chalk: '^1.0.0',
46 silly install resolved        uuid: '^2.0.1',
46 silly install resolved        vs_projectname: '^1.0.0',
46 silly install resolved        'yeoman-generator': '^0.19.0',
46 silly install resolved        yosay: '^1.0.0' },
46 silly install resolved     devDependencies: { mocha: '^2.2.1' },
46 silly install resolved     scripts: { test: 'mocha' },
46 silly install resolved     gitHead: '60d5de03b95ee22b15ccc8d3c84eb980503b1593',
46 silly install resolved     bugs: { url: 'https://github.com/omnisharp/generator-aspnet/issues' },
46 silly install resolved     homepage: 'https://github.com/omnisharp/generator-aspnet#readme',
46 silly install resolved     _id: 'generator-aspnet@0.0.75',
46 silly install resolved     _shasum: '1037671ee42fc2fe998141bfbf213be41bcf2667',
46 silly install resolved     _from: 'generator-aspnet@*',
46 silly install resolved     _npmVersion: '3.3.4',
46 silly install resolved     _nodeVersion: '0.10.40',
46 silly install resolved     _npmUser: { name: 'sayedha', email: 'sayed.hashimi@gmail.com' },
46 silly install resolved     dist:
46 silly install resolved      { shasum: '1037671ee42fc2fe998141bfbf213be41bcf2667',
46 silly install resolved        tarball: 'http://registry.npmjs.org/generator-aspnet/-/generator-aspnet-0.0.75.tgz' },
46 silly install resolved     maintainers: [ [Object], [Object] ],
46 silly install resolved     directories: {},
46 silly install resolved     _resolved: 'https://registry.npmjs.org/generator-aspnet/-/generator-aspnet-0.0.75.tgz' } ]
47 info install generator-aspnet@0.0.75 into /usr/local/lib
48 info installOne generator-aspnet@0.0.75
49 verbose installOne of generator-aspnet to /usr/local/lib not in flight; installing
50 verbose lock using /Users/GiselleTavares/.npm/_locks/generator-aspnet-b9cbfe278f2983cc.lock for /usr/local/lib/node_modules/generator-aspnet
51 silly install write writing generator-aspnet 0.0.75 to /usr/local/lib/node_modules/generator-aspnet
52 verbose unbuild lib/node_modules/generator-aspnet
53 info preuninstall generator-aspnet@0.0.73
54 info uninstall generator-aspnet@0.0.73
55 verbose unbuild rmStuff generator-aspnet@0.0.73 from /usr/local/lib/node_modules
56 info postuninstall generator-aspnet@0.0.73
57 silly gentlyRm /usr/local/lib/node_modules/generator-aspnet is being purged from base /usr/local
58 verbose gentlyRm don't care about contents; nuking /usr/local/lib/node_modules/generator-aspnet
59 silly vacuum-fs purging /usr/local/lib/node_modules/generator-aspnet
60 verbose unlock done using /Users/GiselleTavares/.npm/_locks/generator-aspnet-b9cbfe278f2983cc.lock for /usr/local/lib/node_modules/generator-aspnet
61 verbose stack Error: EACCES, rmdir '/usr/local/lib/node_modules/generator-aspnet'
61 verbose stack     at Error (native)
62 verbose cwd /Users/GiselleTavares/Documents/Meus_aplicativos/Tiqe/tiqe-web
63 error Darwin 14.5.0
64 error argv "node" "/usr/local/bin/npm" "install" "-g" "generator-aspnet"
65 error node v0.12.7
66 error npm  v2.11.3
67 error path /usr/local/lib/node_modules/generator-aspnet
68 error code EACCES
69 error errno -13
70 error Error: EACCES, rmdir '/usr/local/lib/node_modules/generator-aspnet'
70 error     at Error (native)
70 error  { [Error: EACCES, rmdir '/usr/local/lib/node_modules/generator-aspnet']
70 error   errno: -13,
70 error   code: 'EACCES',
70 error   path: '/usr/local/lib/node_modules/generator-aspnet' }
71 error Please try running this command again as root/Administrator.
72 verbose exit [ -13, true ]
73 verbose unbuild lib/node_modules/generator-aspnet
74 info preuninstall generator-aspnet@0.0.73
75 info uninstall generator-aspnet@0.0.73
76 verbose unbuild rmStuff generator-aspnet@0.0.73 from /usr/local/lib/node_modules
77 info postuninstall generator-aspnet@0.0.73
78 silly gentlyRm /usr/local/lib/node_modules/generator-aspnet is being purged from base /usr/local
79 verbose gentlyRm don't care about contents; nuking /usr/local/lib/node_modules/generator-aspnet
80 silly vacuum-fs purging /usr/local/lib/node_modules/generator-aspnet
81 error error rolling back Error: EACCES, rmdir '/usr/local/lib/node_modules/generator-aspnet'
81 error error rolling back     at Error (native)
81 error error rolling back  { [Error: EACCES, rmdir '/usr/local/lib/node_modules/generator-aspnet']
81 error error rolling back   errno: -13,
81 error error rolling back   code: 'EACCES',
81 error error rolling back   path: '/usr/local/lib/node_modules/generator-aspnet' }
